<?xml version="1.0" encoding="UTF-8"?>
<testng-results ignored="0" total="1" passed="1" failed="0" skipped="0">
  <reporter-output>
  </reporter-output>
  <suite started-at="2024-01-12T14:54:58 IST" name="Default suite" finished-at="2024-01-12T14:55:04 IST" duration-ms="6647">
    <groups>
    </groups>
    <test started-at="2024-01-12T14:54:58 IST" name="Default test" finished-at="2024-01-12T14:55:04 IST" duration-ms="6647">
      <class name="com.mms.test.SeleniumTestInsert">
        <test-method signature="insert()[pri:0, instance:com.mms.test.SeleniumTestInsert@5d0bf09b]" started-at="2024-01-12T14:54:58 IST" name="insert" finished-at="2024-01-12T14:55:04 IST" duration-ms="6603" status="PASS">
          <reporter-output>
          </reporter-output>
        </test-method> <!-- insert -->
      </class> <!-- com.mms.test.SeleniumTestInsert -->
    </test> <!-- Default test -->
  </suite> <!-- Default suite -->
</testng-results>
